<?xml version="1.0" encoding="UTF-8"?>
<!-- Generated by org.testng.reporters.JUnitReportReporter -->
<testsuite skipped="0" hostname="LAPTOP-UO174ULO" name="automationpractice.SignupTest" tests="1" failures="0" timestamp="30 Sep 2019 19:04:10 GMT" time="17.982" errors="0">
  <testcase name="Signup" time="17.982" classname="automationpractice.SignupTest"/>
</testsuite> <!-- automationpractice.SignupTest -->
