<?xml version="1.0" encoding="UTF-8"?>
<!-- Generated by org.testng.reporters.JUnitReportReporter -->
<testsuite skipped="0" hostname="LAPTOP-UO174ULO" name="SignupTest.SignupTest" tests="1" failures="0" timestamp="08 Oct 2019 19:07:16 GMT" time="15.242" errors="0">
  <testcase name="Signup" time="15.242" classname="SignupTest.SignupTest"/>
</testsuite> <!-- SignupTest.SignupTest -->
